[root@linux ~]# python SFVolMoveSimuration_v0.1.py 20190610_Drives.csv 20190610_ListISCSISessions.json 20190610_ListVolumeStatsByVolume.json
------VolumeCountBeforeUpgrade------
   primaryNodeID  VolCountBeforeUpgrade
0              1                    520
1              2                    519
2              3                    520
3              5                    518
4              6                    519
5              7                    519
6              9                    519
7             10                    519
8             11                    519
9             12                    519
------All Volumes------
     1    2    3    5    6    7    9    10   11   12
1     0  597  594  594  602  611  575  556  534  535
2   585    0  602  599  594  595  582  565  535  533
3   602  578    0  602  599  590  581  555  541  551
5   593  586  577    0  605  586  587  560  546  541
6   590  600  588  592    0  600  572  565  540  543
7   586  582  612  601  609    0  569  549  539  543
9   595  614  580  571  574  574    0  589  551  543
10  562  554  547  547  551  554  609    0  621  644
11  537  544  549  544  527  541  559  634    0  758
12  541  536  542  541  530  540  557  618  784    0
-----------------------
------ActiveIOVolumeCountBeforeUpgrade------
   primaryNodeID  VolCountBeforeUpgrade
0              1                    363
1              2                    360
2              3                    374
3              5                    360
4              6                    356
5              7                    347
6              9                    384
7             10                    407
8             11                    369
9             12                    368
------ActiveIOVolumes------
     1    2    3    5    6    7    9    10   11   12
1     0  414  418  416  420  420  401  393  373  373
2   411    0  421  410  410  410  407  398  370  370
3   429  414    0  424  427  414  412  401  391  399
5   407  411  402    0  421  409  409  388  377  376
6   407  406  408  409    0  410  396  390  370  373
7   400  393  408  407  409    0  385  367  362  365
9   435  450  429  426  418  420    0  437  407  402
10  440  431  428  425  434  436  482    0  494  504
11  378  388  393  389  375  386  401  461    0  526
12  381  381  381  382  374  383  395  453  544    0
-----------------------
[root@linux ~]#